[0.916s] Invoking command in '/home/nishi/ros2_ws/src/mypkg': PYTHONPATH=/home/nishi/ros2_ws/src/mypkg/build/mypkg/prefix_override:/home/nishi/ros2_ws/src/mypkg/install/mypkg/lib/python3.8/site-packages:${PYTHONPATH} /usr/bin/python3 setup.py egg_info --egg-base build/mypkg build --build-base /home/nishi/ros2_ws/src/mypkg/build/mypkg/build install --record /home/nishi/ros2_ws/src/mypkg/build/mypkg/install.log --install-scripts $base/lib/mypkg --single-version-externally-managed
[1.098s] running egg_info
[1.098s] writing build/mypkg/mypkg.egg-info/PKG-INFO
[1.098s] writing dependency_links to build/mypkg/mypkg.egg-info/dependency_links.txt
[1.099s] writing entry points to build/mypkg/mypkg.egg-info/entry_points.txt
[1.099s] writing requirements to build/mypkg/mypkg.egg-info/requires.txt
[1.099s] writing top-level names to build/mypkg/mypkg.egg-info/top_level.txt
[1.137s] reading manifest file 'build/mypkg/mypkg.egg-info/SOURCES.txt'
[1.137s] writing manifest file 'build/mypkg/mypkg.egg-info/SOURCES.txt'
[1.137s] running build
[1.138s] running build_py
[1.138s] copying mypkg/talker.py -> /home/nishi/ros2_ws/src/mypkg/build/mypkg/build/lib/mypkg
[1.138s] copying mypkg/listener.py -> /home/nishi/ros2_ws/src/mypkg/build/mypkg/build/lib/mypkg
[1.138s] running install
[1.139s] running install_lib
[1.139s] copying /home/nishi/ros2_ws/src/mypkg/build/mypkg/build/lib/mypkg/talker.py -> /home/nishi/ros2_ws/src/mypkg/install/mypkg/lib/python3.8/site-packages/mypkg
[1.140s] copying /home/nishi/ros2_ws/src/mypkg/build/mypkg/build/lib/mypkg/listener.py -> /home/nishi/ros2_ws/src/mypkg/install/mypkg/lib/python3.8/site-packages/mypkg
[1.140s] byte-compiling /home/nishi/ros2_ws/src/mypkg/install/mypkg/lib/python3.8/site-packages/mypkg/talker.py to talker.cpython-38.pyc
[1.141s] byte-compiling /home/nishi/ros2_ws/src/mypkg/install/mypkg/lib/python3.8/site-packages/mypkg/listener.py to listener.cpython-38.pyc
[1.142s] running install_data
[1.143s] copying launch/talk_listen.launch.py -> /home/nishi/ros2_ws/src/mypkg/install/mypkg/share/mypkg
[1.143s] running install_egg_info
[1.145s] removing '/home/nishi/ros2_ws/src/mypkg/install/mypkg/lib/python3.8/site-packages/mypkg-0.0.0-py3.8.egg-info' (and everything under it)
[1.145s] Copying build/mypkg/mypkg.egg-info to /home/nishi/ros2_ws/src/mypkg/install/mypkg/lib/python3.8/site-packages/mypkg-0.0.0-py3.8.egg-info
[1.146s] running install_scripts
[1.160s] Installing listener script to /home/nishi/ros2_ws/src/mypkg/install/mypkg/lib/mypkg
[1.160s] Installing talker script to /home/nishi/ros2_ws/src/mypkg/install/mypkg/lib/mypkg
[1.161s] writing list of installed files to '/home/nishi/ros2_ws/src/mypkg/build/mypkg/install.log'
[1.189s] Invoked command in '/home/nishi/ros2_ws/src/mypkg' returned '0': PYTHONPATH=/home/nishi/ros2_ws/src/mypkg/build/mypkg/prefix_override:/home/nishi/ros2_ws/src/mypkg/install/mypkg/lib/python3.8/site-packages:${PYTHONPATH} /usr/bin/python3 setup.py egg_info --egg-base build/mypkg build --build-base /home/nishi/ros2_ws/src/mypkg/build/mypkg/build install --record /home/nishi/ros2_ws/src/mypkg/build/mypkg/install.log --install-scripts $base/lib/mypkg --single-version-externally-managed
