[0.985s] Invoking command in '/home/nishi/ros2_ws/src/mypkg': PYTHONPATH=/home/nishi/ros2_ws/src/mypkg/build/mypkg/prefix_override:/home/nishi/ros2_ws/src/mypkg/install/mypkg/lib/python3.8/site-packages:${PYTHONPATH} /usr/bin/python3 setup.py egg_info --egg-base build/mypkg build --build-base /home/nishi/ros2_ws/src/mypkg/build/mypkg/build install --record /home/nishi/ros2_ws/src/mypkg/build/mypkg/install.log --install-scripts $base/lib/mypkg --single-version-externally-managed
[1.171s] running egg_info
[1.171s] creating build/mypkg/mypkg.egg-info
[1.172s] writing build/mypkg/mypkg.egg-info/PKG-INFO
[1.217s] writing dependency_links to build/mypkg/mypkg.egg-info/dependency_links.txt
[1.222s] writing entry points to build/mypkg/mypkg.egg-info/entry_points.txt
[1.223s] writing requirements to build/mypkg/mypkg.egg-info/requires.txt
[1.223s] writing top-level names to build/mypkg/mypkg.egg-info/top_level.txt
[1.224s] writing manifest file 'build/mypkg/mypkg.egg-info/SOURCES.txt'
[1.280s] reading manifest file 'build/mypkg/mypkg.egg-info/SOURCES.txt'
[1.280s] writing manifest file 'build/mypkg/mypkg.egg-info/SOURCES.txt'
[1.280s] running build
[1.281s] running build_py
[1.281s] creating /home/nishi/ros2_ws/src/mypkg/build/mypkg/build
[1.281s] creating /home/nishi/ros2_ws/src/mypkg/build/mypkg/build/lib
[1.282s] creating /home/nishi/ros2_ws/src/mypkg/build/mypkg/build/lib/mypkg
[1.282s] copying mypkg/talker.py -> /home/nishi/ros2_ws/src/mypkg/build/mypkg/build/lib/mypkg
[1.282s] copying mypkg/listener.py -> /home/nishi/ros2_ws/src/mypkg/build/mypkg/build/lib/mypkg
[1.282s] copying mypkg/__init__.py -> /home/nishi/ros2_ws/src/mypkg/build/mypkg/build/lib/mypkg
[1.282s] running install
[1.282s] running install_lib
[1.283s] creating /home/nishi/ros2_ws/src/mypkg/install/mypkg/lib/python3.8/site-packages/mypkg
[1.283s] copying /home/nishi/ros2_ws/src/mypkg/build/mypkg/build/lib/mypkg/talker.py -> /home/nishi/ros2_ws/src/mypkg/install/mypkg/lib/python3.8/site-packages/mypkg
[1.284s] copying /home/nishi/ros2_ws/src/mypkg/build/mypkg/build/lib/mypkg/listener.py -> /home/nishi/ros2_ws/src/mypkg/install/mypkg/lib/python3.8/site-packages/mypkg
[1.284s] copying /home/nishi/ros2_ws/src/mypkg/build/mypkg/build/lib/mypkg/__init__.py -> /home/nishi/ros2_ws/src/mypkg/install/mypkg/lib/python3.8/site-packages/mypkg
[1.284s] byte-compiling /home/nishi/ros2_ws/src/mypkg/install/mypkg/lib/python3.8/site-packages/mypkg/talker.py to talker.cpython-38.pyc
[1.286s]   File "/home/nishi/ros2_ws/src/mypkg/install/mypkg/lib/python3.8/site-packages/mypkg/talker.py", line 6
[1.286s]     def __init__(selfn node)
[1.286s]                        ^
[1.286s] SyntaxError: invalid syntax
[1.286s] 
[1.286s] byte-compiling /home/nishi/ros2_ws/src/mypkg/install/mypkg/lib/python3.8/site-packages/mypkg/listener.py to listener.cpython-38.pyc
[1.286s] byte-compiling /home/nishi/ros2_ws/src/mypkg/install/mypkg/lib/python3.8/site-packages/mypkg/__init__.py to __init__.cpython-38.pyc
[1.286s] running install_data
[1.287s] creating /home/nishi/ros2_ws/src/mypkg/install/mypkg/share/ament_index
[1.287s] creating /home/nishi/ros2_ws/src/mypkg/install/mypkg/share/ament_index/resource_index
[1.287s] creating /home/nishi/ros2_ws/src/mypkg/install/mypkg/share/ament_index/resource_index/packages
[1.288s] copying resource/mypkg -> /home/nishi/ros2_ws/src/mypkg/install/mypkg/share/ament_index/resource_index/packages
[1.288s] copying package.xml -> /home/nishi/ros2_ws/src/mypkg/install/mypkg/share/mypkg
[1.288s] copying launch/talk_listen.launch.py -> /home/nishi/ros2_ws/src/mypkg/install/mypkg/share/mypkg
[1.288s] running install_egg_info
[1.290s] Copying build/mypkg/mypkg.egg-info to /home/nishi/ros2_ws/src/mypkg/install/mypkg/lib/python3.8/site-packages/mypkg-0.0.0-py3.8.egg-info
[1.290s] running install_scripts
[1.313s] Installing listener script to /home/nishi/ros2_ws/src/mypkg/install/mypkg/lib/mypkg
[1.313s] Installing talker script to /home/nishi/ros2_ws/src/mypkg/install/mypkg/lib/mypkg
[1.313s] writing list of installed files to '/home/nishi/ros2_ws/src/mypkg/build/mypkg/install.log'
[1.333s] Invoked command in '/home/nishi/ros2_ws/src/mypkg' returned '0': PYTHONPATH=/home/nishi/ros2_ws/src/mypkg/build/mypkg/prefix_override:/home/nishi/ros2_ws/src/mypkg/install/mypkg/lib/python3.8/site-packages:${PYTHONPATH} /usr/bin/python3 setup.py egg_info --egg-base build/mypkg build --build-base /home/nishi/ros2_ws/src/mypkg/build/mypkg/build install --record /home/nishi/ros2_ws/src/mypkg/build/mypkg/install.log --install-scripts $base/lib/mypkg --single-version-externally-managed
