[0.859s] Invoking command in '/home/nishi/ros2_ws/src/mypkg': PYTHONPATH=/home/nishi/ros2_ws/src/mypkg/build/mypkg/prefix_override:/home/nishi/ros2_ws/src/mypkg/install/mypkg/lib/python3.8/site-packages:${PYTHONPATH} /usr/bin/python3 setup.py egg_info --egg-base build/mypkg build --build-base /home/nishi/ros2_ws/src/mypkg/build/mypkg/build install --record /home/nishi/ros2_ws/src/mypkg/build/mypkg/install.log --install-scripts $base/lib/mypkg --single-version-externally-managed
[1.045s] running egg_info
[1.045s] writing build/mypkg/mypkg.egg-info/PKG-INFO
[1.046s] writing dependency_links to build/mypkg/mypkg.egg-info/dependency_links.txt
[1.046s] writing entry points to build/mypkg/mypkg.egg-info/entry_points.txt
[1.046s] writing requirements to build/mypkg/mypkg.egg-info/requires.txt
[1.046s] writing top-level names to build/mypkg/mypkg.egg-info/top_level.txt
[1.083s] reading manifest file 'build/mypkg/mypkg.egg-info/SOURCES.txt'
[1.084s] writing manifest file 'build/mypkg/mypkg.egg-info/SOURCES.txt'
[1.084s] running build
[1.084s] running build_py
[1.084s] running install
[1.085s] running install_lib
[1.086s] running install_data
[1.086s] running install_egg_info
[1.088s] removing '/home/nishi/ros2_ws/src/mypkg/install/mypkg/lib/python3.8/site-packages/mypkg-0.0.0-py3.8.egg-info' (and everything under it)
[1.088s] Copying build/mypkg/mypkg.egg-info to /home/nishi/ros2_ws/src/mypkg/install/mypkg/lib/python3.8/site-packages/mypkg-0.0.0-py3.8.egg-info
[1.089s] running install_scripts
[1.103s] Installing listener script to /home/nishi/ros2_ws/src/mypkg/install/mypkg/lib/mypkg
[1.103s] Installing talker script to /home/nishi/ros2_ws/src/mypkg/install/mypkg/lib/mypkg
[1.103s] writing list of installed files to '/home/nishi/ros2_ws/src/mypkg/build/mypkg/install.log'
[1.120s] Invoked command in '/home/nishi/ros2_ws/src/mypkg' returned '0': PYTHONPATH=/home/nishi/ros2_ws/src/mypkg/build/mypkg/prefix_override:/home/nishi/ros2_ws/src/mypkg/install/mypkg/lib/python3.8/site-packages:${PYTHONPATH} /usr/bin/python3 setup.py egg_info --egg-base build/mypkg build --build-base /home/nishi/ros2_ws/src/mypkg/build/mypkg/build install --record /home/nishi/ros2_ws/src/mypkg/build/mypkg/install.log --install-scripts $base/lib/mypkg --single-version-externally-managed
