[1.725s] DEBUG:colcon:Command line arguments: ['/usr/bin/colcon', 'build']
[1.725s] DEBUG:colcon:Parsed command line arguments: Namespace(allow_overriding=[], ament_cmake_args=None, base_paths=['.'], build_base='build', catkin_cmake_args=None, catkin_skip_building_tests=False, cmake_args=None, cmake_clean_cache=False, cmake_clean_first=False, cmake_force_configure=False, cmake_target=None, cmake_target_skip_unavailable=False, continue_on_error=False, event_handlers=None, executor='parallel', ignore_user_meta=False, install_base='install', log_base=None, log_level=None, main=<bound method BuildVerb.main of <colcon_core.verb.build.BuildVerb object at 0x7fa4d7a0deb0>>, merge_install=False, metas=['./colcon.meta'], packages_above=None, packages_above_and_dependencies=None, packages_above_depth=None, packages_end=None, packages_ignore=None, packages_ignore_regex=None, packages_select=None, packages_select_build_failed=False, packages_select_by_dep=None, packages_select_regex=None, packages_select_test_failures=False, packages_skip=None, packages_skip_build_finished=False, packages_skip_by_dep=None, packages_skip_regex=None, packages_skip_test_passed=False, packages_skip_up_to=None, packages_start=None, packages_up_to=None, packages_up_to_regex=None, parallel_workers=8, paths=None, symlink_install=False, test_result_base=None, verb_extension=<colcon_core.verb.build.BuildVerb object at 0x7fa4d7a0deb0>, verb_name='build', verb_parser=<colcon_defaults.argument_parser.defaults.DefaultArgumentsDecorator object at 0x7fa4d761d310>)
[1.792s] Level 1:colcon.colcon_core.package_discovery:discover_packages(colcon_meta) check parameters
[1.792s] Level 1:colcon.colcon_core.package_discovery:discover_packages(recursive) check parameters
[1.792s] Level 1:colcon.colcon_core.package_discovery:discover_packages(ignore) check parameters
[1.792s] Level 1:colcon.colcon_core.package_discovery:discover_packages(path) check parameters
[1.792s] Level 1:colcon.colcon_core.package_discovery:discover_packages(colcon_meta) discover
[1.792s] Level 1:colcon.colcon_core.package_discovery:discover_packages(recursive) discover
[1.792s] INFO:colcon.colcon_core.package_discovery:Crawling recursively for packages in '/home/nishi/ros2_ws/src/mypkg'
[1.792s] Level 1:colcon.colcon_core.package_identification:_identify(.) by extensions ['ignore', 'ignore_ament_install']
[1.792s] Level 1:colcon.colcon_core.package_identification:_identify(.) by extension 'ignore'
[1.792s] Level 1:colcon.colcon_core.package_identification:_identify(.) by extension 'ignore_ament_install'
[1.792s] Level 1:colcon.colcon_core.package_identification:_identify(.) by extensions ['colcon_pkg']
[1.792s] Level 1:colcon.colcon_core.package_identification:_identify(.) by extension 'colcon_pkg'
[1.792s] Level 1:colcon.colcon_core.package_identification:_identify(.) by extensions ['colcon_meta']
[1.792s] Level 1:colcon.colcon_core.package_identification:_identify(.) by extension 'colcon_meta'
[1.792s] Level 1:colcon.colcon_core.package_identification:_identify(.) by extensions ['ros']
[1.792s] Level 1:colcon.colcon_core.package_identification:_identify(.) by extension 'ros'
[1.804s] DEBUG:colcon.colcon_core.package_identification:Package '.' with type 'ros.ament_python' and name 'mypkg'
[1.804s] Level 1:colcon.colcon_core.package_discovery:discover_packages(recursive) using defaults
[1.804s] Level 1:colcon.colcon_core.package_discovery:discover_packages(ignore) discover
[1.804s] Level 1:colcon.colcon_core.package_discovery:discover_packages(ignore) using defaults
[1.804s] Level 1:colcon.colcon_core.package_discovery:discover_packages(path) discover
[1.804s] Level 1:colcon.colcon_core.package_discovery:discover_packages(path) using defaults
[1.959s] Level 1:colcon.colcon_core.package_discovery:discover_packages(prefix_path) check parameters
[1.959s] Level 1:colcon.colcon_core.package_discovery:discover_packages(prefix_path) discover
[2.016s] DEBUG:colcon.colcon_installed_package_information.package_discovery:Found 2 installed packages in /home/nishi/ros2_ws/install
[2.050s] DEBUG:colcon.colcon_installed_package_information.package_discovery:Found 256 installed packages in /opt/ros/foxy
[2.052s] Level 1:colcon.colcon_core.package_discovery:discover_packages(prefix_path) using defaults
[2.160s] Level 5:colcon.colcon_core.verb:set package 'mypkg' build argument 'cmake_args' from command line to 'None'
[2.160s] Level 5:colcon.colcon_core.verb:set package 'mypkg' build argument 'cmake_target' from command line to 'None'
[2.160s] Level 5:colcon.colcon_core.verb:set package 'mypkg' build argument 'cmake_target_skip_unavailable' from command line to 'False'
[2.160s] Level 5:colcon.colcon_core.verb:set package 'mypkg' build argument 'cmake_clean_cache' from command line to 'False'
[2.160s] Level 5:colcon.colcon_core.verb:set package 'mypkg' build argument 'cmake_clean_first' from command line to 'False'
[2.160s] Level 5:colcon.colcon_core.verb:set package 'mypkg' build argument 'cmake_force_configure' from command line to 'False'
[2.160s] Level 5:colcon.colcon_core.verb:set package 'mypkg' build argument 'ament_cmake_args' from command line to 'None'
[2.160s] Level 5:colcon.colcon_core.verb:set package 'mypkg' build argument 'catkin_cmake_args' from command line to 'None'
[2.160s] Level 5:colcon.colcon_core.verb:set package 'mypkg' build argument 'catkin_skip_building_tests' from command line to 'False'
[2.160s] DEBUG:colcon.colcon_core.verb:Building package 'mypkg' with the following arguments: {'ament_cmake_args': None, 'build_base': '/home/nishi/ros2_ws/src/mypkg/build/mypkg', 'catkin_cmake_args': None, 'catkin_skip_building_tests': False, 'cmake_args': None, 'cmake_clean_cache': False, 'cmake_clean_first': False, 'cmake_force_configure': False, 'cmake_target': None, 'cmake_target_skip_unavailable': False, 'install_base': '/home/nishi/ros2_ws/src/mypkg/install/mypkg', 'merge_install': False, 'path': '/home/nishi/ros2_ws/src/mypkg', 'symlink_install': False, 'test_result_base': None}
[2.184s] INFO:colcon.colcon_core.executor:Executing jobs using 'parallel' executor
[2.210s] DEBUG:colcon.colcon_parallel_executor.executor.parallel:run_until_complete
[2.211s] INFO:colcon.colcon_ros.task.ament_python.build:Building ROS package in '/home/nishi/ros2_ws/src/mypkg' with build type 'ament_python'
[2.211s] Level 1:colcon.colcon_core.shell:create_environment_hook('mypkg', 'ament_prefix_path')
[2.238s] INFO:colcon.colcon_core.plugin_system:Skipping extension 'colcon_core.shell.bat': Not used on non-Windows systems
[2.238s] INFO:colcon.colcon_core.shell:Creating environment hook '/home/nishi/ros2_ws/src/mypkg/install/mypkg/share/mypkg/hook/ament_prefix_path.ps1'
[2.238s] INFO:colcon.colcon_core.shell:Creating environment descriptor '/home/nishi/ros2_ws/src/mypkg/install/mypkg/share/mypkg/hook/ament_prefix_path.dsv'
[2.239s] INFO:colcon.colcon_core.shell:Creating environment hook '/home/nishi/ros2_ws/src/mypkg/install/mypkg/share/mypkg/hook/ament_prefix_path.sh'
[2.268s] INFO:colcon.colcon_core.shell:Skip shell extension 'powershell' for command environment: Not usable outside of PowerShell
[2.268s] DEBUG:colcon.colcon_core.shell:Skip shell extension 'dsv' for command environment
[2.536s] INFO:colcon.colcon_core.task.python.build:Building Python package in '/home/nishi/ros2_ws/src/mypkg'
[2.568s] INFO:colcon.colcon_core.shell:Skip shell extension 'powershell' for command environment: Not usable outside of PowerShell
[2.568s] DEBUG:colcon.colcon_core.shell:Skip shell extension 'dsv' for command environment
[3.021s] DEBUG:colcon.colcon_core.event_handler.log_command:Invoking command in '/home/nishi/ros2_ws/src/mypkg': PYTHONPATH=/home/nishi/ros2_ws/src/mypkg/build/mypkg/prefix_override:/home/nishi/ros2_ws/src/mypkg/install/mypkg/lib/python3.8/site-packages:${PYTHONPATH} /usr/bin/python3 setup.py egg_info --egg-base build/mypkg build --build-base /home/nishi/ros2_ws/src/mypkg/build/mypkg/build install --record /home/nishi/ros2_ws/src/mypkg/build/mypkg/install.log --install-scripts $base/lib/mypkg --single-version-externally-managed
[3.272s] DEBUG:colcon.colcon_core.event_handler.log_command:Invoked command in '/home/nishi/ros2_ws/src/mypkg' returned '0': PYTHONPATH=/home/nishi/ros2_ws/src/mypkg/build/mypkg/prefix_override:/home/nishi/ros2_ws/src/mypkg/install/mypkg/lib/python3.8/site-packages:${PYTHONPATH} /usr/bin/python3 setup.py egg_info --egg-base build/mypkg build --build-base /home/nishi/ros2_ws/src/mypkg/build/mypkg/build install --record /home/nishi/ros2_ws/src/mypkg/build/mypkg/install.log --install-scripts $base/lib/mypkg --single-version-externally-managed
[3.320s] Level 1:colcon.colcon_core.environment:checking '/home/nishi/ros2_ws/src/mypkg/install/mypkg' for CMake module files
[3.320s] Level 1:colcon.colcon_core.environment:checking '/home/nishi/ros2_ws/src/mypkg/install/mypkg' for CMake config files
[3.321s] Level 1:colcon.colcon_core.environment:checking '/home/nishi/ros2_ws/src/mypkg/install/mypkg/lib'
[3.321s] Level 1:colcon.colcon_core.environment:checking '/home/nishi/ros2_ws/src/mypkg/install/mypkg/bin'
[3.321s] Level 1:colcon.colcon_core.environment:checking '/home/nishi/ros2_ws/src/mypkg/install/mypkg/lib/pkgconfig/mypkg.pc'
[3.321s] Level 1:colcon.colcon_core.environment:checking '/home/nishi/ros2_ws/src/mypkg/install/mypkg/lib/python3.8/site-packages'
[3.321s] Level 1:colcon.colcon_core.shell:create_environment_hook('mypkg', 'pythonpath')
[3.346s] INFO:colcon.colcon_core.shell:Creating environment hook '/home/nishi/ros2_ws/src/mypkg/install/mypkg/share/mypkg/hook/pythonpath.ps1'
[3.347s] INFO:colcon.colcon_core.shell:Creating environment descriptor '/home/nishi/ros2_ws/src/mypkg/install/mypkg/share/mypkg/hook/pythonpath.dsv'
[3.347s] INFO:colcon.colcon_core.shell:Creating environment hook '/home/nishi/ros2_ws/src/mypkg/install/mypkg/share/mypkg/hook/pythonpath.sh'
[3.347s] Level 1:colcon.colcon_core.environment:checking '/home/nishi/ros2_ws/src/mypkg/install/mypkg/bin'
[3.347s] Level 1:colcon.colcon_core.environment:create_environment_scripts_only(mypkg)
[3.372s] INFO:colcon.colcon_core.shell:Creating package script '/home/nishi/ros2_ws/src/mypkg/install/mypkg/share/mypkg/package.ps1'
[3.373s] INFO:colcon.colcon_core.shell:Creating package descriptor '/home/nishi/ros2_ws/src/mypkg/install/mypkg/share/mypkg/package.dsv'
[3.373s] INFO:colcon.colcon_core.shell:Creating package script '/home/nishi/ros2_ws/src/mypkg/install/mypkg/share/mypkg/package.sh'
[3.374s] INFO:colcon.colcon_core.shell:Creating package script '/home/nishi/ros2_ws/src/mypkg/install/mypkg/share/mypkg/package.bash'
[3.374s] INFO:colcon.colcon_core.shell:Creating package script '/home/nishi/ros2_ws/src/mypkg/install/mypkg/share/mypkg/package.zsh'
[3.375s] Level 1:colcon.colcon_core.environment:create_file_with_runtime_dependencies(/home/nishi/ros2_ws/src/mypkg/install/mypkg/share/colcon-core/packages/mypkg)
[3.375s] DEBUG:colcon.colcon_parallel_executor.executor.parallel:closing loop
[3.375s] DEBUG:colcon.colcon_parallel_executor.executor.parallel:loop closed
[3.375s] DEBUG:colcon.colcon_parallel_executor.executor.parallel:run_until_complete finished with '0'
[3.376s] DEBUG:colcon.colcon_core.event_reactor:joining thread
[3.495s] INFO:colcon.colcon_core.plugin_system:Skipping extension 'colcon_notification.desktop_notification.notify_send': Could not find 'notify-send'
[3.495s] INFO:colcon.colcon_core.plugin_system:Skipping extension 'colcon_notification.desktop_notification.terminal_notifier': Not used on non-Darwin systems
[3.495s] INFO:colcon.colcon_core.plugin_system:Skipping extension 'colcon_notification.desktop_notification.win32': Not used on non-Windows systems
[3.495s] INFO:colcon.colcon_notification.desktop_notification:Sending desktop notification using 'notify2'
[3.506s] DEBUG:colcon.colcon_notification.desktop_notification.notify2:Failed to initialize notify2: org.freedesktop.DBus.Error.ServiceUnknown: The name org.freedesktop.Notifications was not provided by any .service files
[3.506s] DEBUG:colcon.colcon_core.event_reactor:joined thread
[3.541s] INFO:colcon.colcon_core.shell:Creating prefix script '/home/nishi/ros2_ws/src/mypkg/install/local_setup.ps1'
[3.542s] INFO:colcon.colcon_core.shell:Creating prefix util module '/home/nishi/ros2_ws/src/mypkg/install/_local_setup_util_ps1.py'
[3.544s] INFO:colcon.colcon_core.shell:Creating prefix chain script '/home/nishi/ros2_ws/src/mypkg/install/setup.ps1'
[3.580s] INFO:colcon.colcon_core.shell:Creating prefix script '/home/nishi/ros2_ws/src/mypkg/install/local_setup.sh'
[3.581s] INFO:colcon.colcon_core.shell:Creating prefix util module '/home/nishi/ros2_ws/src/mypkg/install/_local_setup_util_sh.py'
[3.581s] INFO:colcon.colcon_core.shell:Creating prefix chain script '/home/nishi/ros2_ws/src/mypkg/install/setup.sh'
[3.612s] INFO:colcon.colcon_core.shell:Creating prefix script '/home/nishi/ros2_ws/src/mypkg/install/local_setup.bash'
[3.613s] INFO:colcon.colcon_core.shell:Creating prefix chain script '/home/nishi/ros2_ws/src/mypkg/install/setup.bash'
[3.650s] INFO:colcon.colcon_core.shell:Creating prefix script '/home/nishi/ros2_ws/src/mypkg/install/local_setup.zsh'
[3.650s] INFO:colcon.colcon_core.shell:Creating prefix chain script '/home/nishi/ros2_ws/src/mypkg/install/setup.zsh'
