[0.810s] Invoking command in '/home/nishi/ros2_ws/src/mypkg': PYTHONPATH=/home/nishi/ros2_ws/src/mypkg/build/mypkg/prefix_override:/home/nishi/ros2_ws/src/mypkg/install/mypkg/lib/python3.8/site-packages:${PYTHONPATH} /usr/bin/python3 setup.py egg_info --egg-base build/mypkg build --build-base /home/nishi/ros2_ws/src/mypkg/build/mypkg/build install --record /home/nishi/ros2_ws/src/mypkg/build/mypkg/install.log --install-scripts $base/lib/mypkg --single-version-externally-managed
[0.984s] running egg_info
[0.985s] writing build/mypkg/mypkg.egg-info/PKG-INFO
[0.985s] writing dependency_links to build/mypkg/mypkg.egg-info/dependency_links.txt
[0.986s] writing entry points to build/mypkg/mypkg.egg-info/entry_points.txt
[0.986s] writing requirements to build/mypkg/mypkg.egg-info/requires.txt
[0.986s] writing top-level names to build/mypkg/mypkg.egg-info/top_level.txt
[1.015s] reading manifest file 'build/mypkg/mypkg.egg-info/SOURCES.txt'
[1.016s] writing manifest file 'build/mypkg/mypkg.egg-info/SOURCES.txt'
[1.016s] running build
[1.017s] running build_py
[1.017s] copying mypkg/listener.py -> /home/nishi/ros2_ws/src/mypkg/build/mypkg/build/lib/mypkg
[1.017s] running install
[1.018s] running install_lib
[1.018s] copying /home/nishi/ros2_ws/src/mypkg/build/mypkg/build/lib/mypkg/listener.py -> /home/nishi/ros2_ws/src/mypkg/install/mypkg/lib/python3.8/site-packages/mypkg
[1.019s] byte-compiling /home/nishi/ros2_ws/src/mypkg/install/mypkg/lib/python3.8/site-packages/mypkg/listener.py to listener.cpython-38.pyc
[1.020s] running install_data
[1.020s] running install_egg_info
[1.022s] removing '/home/nishi/ros2_ws/src/mypkg/install/mypkg/lib/python3.8/site-packages/mypkg-0.0.0-py3.8.egg-info' (and everything under it)
[1.022s] Copying build/mypkg/mypkg.egg-info to /home/nishi/ros2_ws/src/mypkg/install/mypkg/lib/python3.8/site-packages/mypkg-0.0.0-py3.8.egg-info
[1.023s] running install_scripts
[1.038s] Installing listener script to /home/nishi/ros2_ws/src/mypkg/install/mypkg/lib/mypkg
[1.038s] Installing talker script to /home/nishi/ros2_ws/src/mypkg/install/mypkg/lib/mypkg
[1.038s] writing list of installed files to '/home/nishi/ros2_ws/src/mypkg/build/mypkg/install.log'
[1.060s] Invoked command in '/home/nishi/ros2_ws/src/mypkg' returned '0': PYTHONPATH=/home/nishi/ros2_ws/src/mypkg/build/mypkg/prefix_override:/home/nishi/ros2_ws/src/mypkg/install/mypkg/lib/python3.8/site-packages:${PYTHONPATH} /usr/bin/python3 setup.py egg_info --egg-base build/mypkg build --build-base /home/nishi/ros2_ws/src/mypkg/build/mypkg/build install --record /home/nishi/ros2_ws/src/mypkg/build/mypkg/install.log --install-scripts $base/lib/mypkg --single-version-externally-managed
